{"level":"info","pid":59414,"time":"2019-03-15T17:16:10+08:00","message":"app booted."}
{"level":"info","config":{"debug":true,"mysql":"root:123456@tcp(192.168.35.193:3306)/weibo?charset=utf8mb4\u0026parseTime=true","redis":"192.168.35.193:6379","like_redis":"goblog","conf_path":".","announce_key":"2.005M2CdGDsxwmC737c94b50c0t5yfU"},"time":"2019-03-15T17:16:10+08:00","message":"loaded config."}
{"level":"info","time":"2019-03-15T17:16:10+08:00","message":"start load db..."}
{"level":"info","pid":59452,"time":"2019-03-15T17:17:48+08:00","message":"app booted."}
{"level":"info","config":{"debug":true,"mysql":"root:123456@tcp(192.168.35.193:3306)/weibo?charset=utf8mb4\u0026parseTime=true","redis":"192.168.35.193:6379","like_redis":"goblog","conf_path":".","announce_key":"2.005M2CdGDsxwmC737c94b50c0t5yfU"},"time":"2019-03-15T17:17:48+08:00","message":"loaded config."}
{"level":"info","time":"2019-03-15T17:17:48+08:00","message":"start load db..."}
{"level":"info","pid":59488,"time":"2019-03-15T17:18:32+08:00","message":"app booted."}
{"level":"info","config":{"debug":true,"mysql":"root:123456@tcp(192.168.35.193:3306)/weibo?charset=utf8mb4\u0026parseTime=true","redis":"192.168.35.193:6379","like_redis":"goblog","conf_path":".","announce_key":"2.005M2CdGDsxwmC737c94b50c0t5yfU"},"time":"2019-03-15T17:18:32+08:00","message":"loaded config."}
{"level":"info","time":"2019-03-15T17:18:32+08:00","message":"start load db..."}
{"level":"info","time":"2019-03-15T17:18:32+08:00","message":"loaded db."}
{"level":"info","time":"2019-03-15T17:18:32+08:00","message":"migrate db..."}
{"level":"info","pid":59527,"time":"2019-03-15T17:24:23+08:00","message":"app booted."}
{"level":"info","config":{"debug":true,"mysql":"root:123456@tcp(192.168.35.193:3306)/weibo?charset=utf8mb4\u0026parseTime=true","redis":"192.168.35.193:6379","like_redis":"goblog","conf_path":".","announce_key":"2.005M2CdGDsxwmC737c94b50c0t5yfU"},"time":"2019-03-15T17:24:23+08:00","message":"loaded config."}
{"level":"info","time":"2019-03-15T17:24:23+08:00","message":"start load db..."}
{"level":"info","time":"2019-03-15T17:24:23+08:00","message":"loaded db."}
{"level":"info","time":"2019-03-15T17:24:23+08:00","message":"migrate db..."}
{"level":"info","time":"2019-03-15T17:24:24+08:00","message":"applied migrations..."}
{"level":"info","pid":59587,"time":"2019-03-15T17:34:52+08:00","message":"app booted."}
{"level":"info","config":{"debug":true,"mysql":"root:123456@tcp(192.168.35.193:3306)/weibo?charset=utf8mb4\u0026parseTime=true","redis":"192.168.35.193:6379","like_redis":"goblog","conf_path":".","announce_key":"2.005M2CdGDsxwmC737c94b50c0t5yfU"},"time":"2019-03-15T17:34:52+08:00","message":"loaded config."}
{"level":"info","time":"2019-03-15T17:34:52+08:00","message":"start load db..."}
{"level":"info","time":"2019-03-15T17:34:52+08:00","message":"loaded db."}
{"level":"info","time":"2019-03-15T17:34:52+08:00","message":"migrate db..."}
{"level":"info","time":"2019-03-15T17:34:52+08:00","message":"applied migrations..."}
{"level":"info","pid":59693,"time":"2019-03-15T17:50:46+08:00","message":"app booted."}
{"level":"info","config":{"debug":true,"mysql":"root:123456@tcp(192.168.35.193:3306)/weibo?charset=utf8mb4\u0026parseTime=true","redis":"192.168.35.193:6379","like_redis":"goblog","conf_path":".","announce_key":"2.005M2CdGDsxwmC737c94b50c0t5yfU"},"time":"2019-03-15T17:50:46+08:00","message":"loaded config."}
{"level":"info","time":"2019-03-15T17:50:46+08:00","message":"start load db..."}
{"level":"info","time":"2019-03-15T17:50:47+08:00","message":"loaded db."}
{"level":"info","time":"2019-03-15T17:50:47+08:00","message":"migrate db..."}
{"level":"info","time":"2019-03-15T17:50:47+08:00","message":"applied migrations..."}
{"level":"info","pid":59743,"time":"2019-03-15T17:55:23+08:00","message":"app booted."}
{"level":"info","config":{"debug":true,"mysql":"root:123456@tcp(192.168.35.193:3306)/weibo?charset=utf8mb4\u0026parseTime=true","redis":"192.168.35.193:6379","like_redis":"goblog","conf_path":".","announce_key":"2.005M2CdGDsxwmC737c94b50c0t5yfU"},"time":"2019-03-15T17:55:23+08:00","message":"loaded config."}
{"level":"info","time":"2019-03-15T17:55:23+08:00","message":"start load db..."}
{"level":"info","time":"2019-03-15T17:55:23+08:00","message":"loaded db."}
{"level":"info","time":"2019-03-15T17:55:23+08:00","message":"migrate db..."}
{"level":"info","time":"2019-03-15T17:55:23+08:00","message":"applied migrations..."}
{"level":"info","pid":102068,"time":"2019-03-19T15:54:31+08:00","message":"app booted."}
{"level":"info","config":{"debug":true,"mysql":"root:123456@tcp(192.168.35.193:3306)/weibo?charset=utf8mb4\u0026parseTime=true","conf_path":".","announce_key":"2.005M2CdGDsxwmC737c94b50c0t5yfU"},"time":"2019-03-19T15:54:31+08:00","message":"loaded config."}
{"level":"info","time":"2019-03-19T15:54:31+08:00","message":"start load db..."}
{"level":"info","time":"2019-03-19T15:54:33+08:00","message":"loaded db."}
{"level":"info","time":"2019-03-19T15:54:33+08:00","message":"migrate db..."}
{"level":"info","time":"2019-03-19T15:54:35+08:00","message":"applied migrations..."}
{"level":"info","pid":102143,"time":"2019-03-19T16:21:20+08:00","message":"app booted."}
{"level":"info","config":{"debug":true,"mysql":"root:123456@tcp(192.168.35.193:3306)/weibo?charset=utf8mb4\u0026parseTime=true","conf_path":".","announce_key":"2.005M2CdGDsxwmC737c94b50c0t5yfU"},"time":"2019-03-19T16:21:20+08:00","message":"loaded config."}
{"level":"info","time":"2019-03-19T16:21:20+08:00","message":"start load db..."}
{"level":"info","time":"2019-03-19T16:21:20+08:00","message":"loaded db."}
{"level":"info","time":"2019-03-19T16:21:20+08:00","message":"migrate db..."}
{"level":"info","time":"2019-03-19T16:21:21+08:00","message":"applied migrations..."}
{"level":"info","pid":102722,"time":"2019-03-19T17:24:54+08:00","message":"app booted."}
{"level":"info","config":{"debug":true,"mysql":"root:123456@tcp(192.168.35.193:3306)/weibo?charset=utf8mb4\u0026parseTime=true","conf_path":".","announce_key":"2.005M2CdGDsxwmC737c94b50c0t5yfU"},"time":"2019-03-19T17:24:54+08:00","message":"loaded config."}
{"level":"info","time":"2019-03-19T17:24:54+08:00","message":"start load db..."}
{"level":"info","time":"2019-03-19T17:24:54+08:00","message":"loaded db."}
{"level":"info","time":"2019-03-19T17:24:54+08:00","message":"migrate db..."}
{"level":"info","time":"2019-03-19T17:24:55+08:00","message":"applied migrations..."}
{"level":"info","pid":102760,"time":"2019-03-19T17:26:31+08:00","message":"app booted."}
{"level":"info","config":{"debug":true,"mysql":"root:123456@tcp(192.168.35.193:3306)/weibo?charset=utf8mb4\u0026parseTime=true","conf_path":".","announce_key":"2.005M2CdGDsxwmC737c94b50c0t5yfU"},"time":"2019-03-19T17:26:31+08:00","message":"loaded config."}
{"level":"info","time":"2019-03-19T17:26:31+08:00","message":"start load db..."}
{"level":"info","time":"2019-03-19T17:26:31+08:00","message":"loaded db."}
{"level":"info","time":"2019-03-19T17:26:31+08:00","message":"migrate db..."}
{"level":"info","time":"2019-03-19T17:26:32+08:00","message":"applied migrations..."}
{"level":"info","pid":102793,"time":"2019-03-19T17:27:21+08:00","message":"app booted."}
{"level":"info","config":{"debug":true,"mysql":"root:123456@tcp(192.168.35.193:3306)/weibo?charset=utf8mb4\u0026parseTime=true","conf_path":".","announce_key":"2.005M2CdGDsxwmC737c94b50c0t5yfU"},"time":"2019-03-19T17:27:21+08:00","message":"loaded config."}
{"level":"info","time":"2019-03-19T17:27:21+08:00","message":"start load db..."}
{"level":"info","time":"2019-03-19T17:27:21+08:00","message":"loaded db."}
{"level":"info","time":"2019-03-19T17:27:21+08:00","message":"migrate db..."}
{"level":"info","time":"2019-03-19T17:27:22+08:00","message":"applied migrations..."}
{"level":"info","pid":102898,"time":"2019-03-19T17:33:46+08:00","message":"app booted."}
{"level":"info","config":{"debug":true,"mysql":"root:123456@tcp(192.168.35.193:3306)/weibo?charset=utf8mb4\u0026parseTime=true","conf_path":".","announce_key":"2.005M2CdGDsxwmC737c94b50c0t5yfU"},"time":"2019-03-19T17:33:46+08:00","message":"loaded config."}
{"level":"info","time":"2019-03-19T17:33:46+08:00","message":"start load db..."}
{"level":"info","time":"2019-03-19T17:33:46+08:00","message":"loaded db."}
{"level":"info","time":"2019-03-19T17:33:46+08:00","message":"migrate db..."}
{"level":"info","time":"2019-03-19T17:33:46+08:00","message":"applied migrations..."}
{"level":"info","pid":102939,"time":"2019-03-19T17:44:41+08:00","message":"app booted."}
{"level":"info","config":{"debug":true,"mysql":"root:123456@tcp(192.168.35.193:3306)/weibo?charset=utf8mb4\u0026parseTime=true","conf_path":".","announce_key":"2.005M2CdGDsxwmC737c94b50c0t5yfU"},"time":"2019-03-19T17:44:41+08:00","message":"loaded config."}
{"level":"info","time":"2019-03-19T17:44:41+08:00","message":"start load db..."}
{"level":"info","time":"2019-03-19T17:44:41+08:00","message":"loaded db."}
{"level":"info","time":"2019-03-19T17:44:41+08:00","message":"migrate db..."}
{"level":"info","time":"2019-03-19T17:44:41+08:00","message":"applied migrations..."}
{"level":"info","pid":102977,"time":"2019-03-19T17:46:11+08:00","message":"app booted."}
{"level":"info","config":{"debug":true,"mysql":"root:123456@tcp(192.168.35.193:3306)/weibo?charset=utf8mb4\u0026parseTime=true","conf_path":".","announce_key":"2.005M2CdGDsxwmC737c94b50c0t5yfU"},"time":"2019-03-19T17:46:11+08:00","message":"loaded config."}
{"level":"info","time":"2019-03-19T17:46:11+08:00","message":"start load db..."}
{"level":"info","time":"2019-03-19T17:46:11+08:00","message":"loaded db."}
{"level":"info","time":"2019-03-19T17:46:11+08:00","message":"migrate db..."}
{"level":"info","time":"2019-03-19T17:46:11+08:00","message":"applied migrations..."}
{"level":"info","pid":103015,"time":"2019-03-19T17:48:40+08:00","message":"app booted."}
{"level":"info","config":{"debug":true,"mysql":"root:123456@tcp(192.168.35.193:3306)/weibo?charset=utf8mb4\u0026parseTime=true","conf_path":".","announce_key":"2.005M2CdGDsxwmC737c94b50c0t5yfU"},"time":"2019-03-19T17:48:40+08:00","message":"loaded config."}
{"level":"info","time":"2019-03-19T17:48:40+08:00","message":"start load db..."}
{"level":"info","time":"2019-03-19T17:48:40+08:00","message":"loaded db."}
{"level":"info","time":"2019-03-19T17:48:40+08:00","message":"migrate db..."}
{"level":"info","time":"2019-03-19T17:48:41+08:00","message":"applied migrations..."}
{"level":"info","pid":103052,"time":"2019-03-19T17:50:06+08:00","message":"app booted."}
{"level":"info","config":{"debug":true,"mysql":"root:123456@tcp(192.168.35.193:3306)/weibo?charset=utf8mb4\u0026parseTime=true","conf_path":".","announce_key":"2.005M2CdGDsxwmC737c94b50c0t5yfU"},"time":"2019-03-19T17:50:06+08:00","message":"loaded config."}
{"level":"info","time":"2019-03-19T17:50:06+08:00","message":"start load db..."}
{"level":"info","time":"2019-03-19T17:50:06+08:00","message":"loaded db."}
{"level":"info","time":"2019-03-19T17:50:06+08:00","message":"migrate db..."}
{"level":"info","time":"2019-03-19T17:50:06+08:00","message":"applied migrations..."}
{"level":"info","pid":103091,"time":"2019-03-19T17:57:08+08:00","message":"app booted."}
{"level":"info","config":{"debug":true,"mysql":"root:123456@tcp(192.168.35.193:3306)/weibo?charset=utf8mb4\u0026parseTime=true","conf_path":".","announce_key":"2.005M2CdGDsxwmC737c94b50c0t5yfU"},"time":"2019-03-19T17:57:08+08:00","message":"loaded config."}
{"level":"info","time":"2019-03-19T17:57:08+08:00","message":"start load db..."}
{"level":"info","time":"2019-03-19T17:57:08+08:00","message":"loaded db."}
{"level":"info","time":"2019-03-19T17:57:08+08:00","message":"migrate db..."}
{"level":"info","time":"2019-03-19T17:57:08+08:00","message":"applied migrations..."}
{"level":"info","pid":103147,"time":"2019-03-19T18:00:12+08:00","message":"app booted."}
{"level":"info","config":{"debug":true,"mysql":"root:123456@tcp(192.168.35.193:3306)/weibo?charset=utf8mb4\u0026parseTime=true","conf_path":".","announce_key":"2.005M2CdGDsxwmC737c94b50c0t5yfU"},"time":"2019-03-19T18:00:12+08:00","message":"loaded config."}
{"level":"info","time":"2019-03-19T18:00:12+08:00","message":"start load db..."}
{"level":"info","time":"2019-03-19T18:00:12+08:00","message":"loaded db."}
{"level":"info","time":"2019-03-19T18:00:12+08:00","message":"migrate db..."}
{"level":"info","time":"2019-03-19T18:00:12+08:00","message":"applied migrations..."}
{"level":"info","pid":103195,"time":"2019-03-19T18:08:26+08:00","message":"app booted."}
{"level":"info","config":{"debug":true,"mysql":"root:123456@tcp(192.168.35.193:3306)/weibo?charset=utf8mb4\u0026parseTime=true","conf_path":".","announce_key":"2.005M2CdGDsxwmC737c94b50c0t5yfU"},"time":"2019-03-19T18:08:26+08:00","message":"loaded config."}
{"level":"info","time":"2019-03-19T18:08:26+08:00","message":"start load db..."}
{"level":"info","time":"2019-03-19T18:08:26+08:00","message":"loaded db."}
{"level":"info","time":"2019-03-19T18:08:26+08:00","message":"migrate db..."}
{"level":"info","time":"2019-03-19T18:08:26+08:00","message":"applied migrations..."}
{"level":"info","pid":103242,"time":"2019-03-19T18:10:23+08:00","message":"app booted."}
{"level":"info","config":{"debug":true,"mysql":"root:123456@tcp(192.168.35.193:3306)/weibo?charset=utf8mb4\u0026parseTime=true","conf_path":".","announce_key":"2.005M2CdGDsxwmC737c94b50c0t5yfU"},"time":"2019-03-19T18:10:23+08:00","message":"loaded config."}
{"level":"info","time":"2019-03-19T18:10:23+08:00","message":"start load db..."}
{"level":"info","time":"2019-03-19T18:10:23+08:00","message":"loaded db."}
{"level":"info","time":"2019-03-19T18:10:23+08:00","message":"migrate db..."}
{"level":"info","time":"2019-03-19T18:10:23+08:00","message":"applied migrations..."}
{"level":"info","pid":103288,"time":"2019-03-19T18:12:02+08:00","message":"app booted."}
{"level":"info","config":{"debug":true,"mysql":"root:123456@tcp(192.168.35.193:3306)/weibo?charset=utf8mb4\u0026parseTime=true","conf_path":".","announce_key":"2.005M2CdGDsxwmC737c94b50c0t5yfU"},"time":"2019-03-19T18:12:02+08:00","message":"loaded config."}
{"level":"info","time":"2019-03-19T18:12:02+08:00","message":"start load db..."}
{"level":"info","time":"2019-03-19T18:12:02+08:00","message":"loaded db."}
{"level":"info","time":"2019-03-19T18:12:02+08:00","message":"migrate db..."}
{"level":"info","time":"2019-03-19T18:12:02+08:00","message":"applied migrations..."}
{"level":"info","pid":104082,"time":"2019-03-20T10:05:48+08:00","message":"app booted."}
{"level":"info","config":{"debug":true,"mysql":"root:123456@tcp(192.168.35.193:3306)/weibo?charset=utf8mb4\u0026parseTime=true","conf_path":".","announce_key":"2.005M2CdGDsxwmC737c94b50c0t5yfU","comments_count":"10000"},"time":"2019-03-20T10:05:48+08:00","message":"loaded config."}
{"level":"info","time":"2019-03-20T10:05:48+08:00","message":"start load db..."}
{"level":"info","time":"2019-03-20T10:05:48+08:00","message":"loaded db."}
{"level":"info","time":"2019-03-20T10:05:48+08:00","message":"migrate db..."}
{"level":"info","time":"2019-03-20T10:05:48+08:00","message":"applied migrations..."}
{"level":"info","pid":104168,"time":"2019-03-20T10:10:43+08:00","message":"app booted."}
{"level":"info","config":{"debug":true,"mysql":"root:123456@tcp(192.168.35.193:3306)/weibo?charset=utf8mb4\u0026parseTime=true","conf_path":".","announce_key":"2.005M2CdGDsxwmC737c94b50c0t5yfU","comments_count":"200"},"time":"2019-03-20T10:10:43+08:00","message":"loaded config."}
{"level":"info","time":"2019-03-20T10:10:43+08:00","message":"start load db..."}
{"level":"info","time":"2019-03-20T10:10:43+08:00","message":"loaded db."}
{"level":"info","time":"2019-03-20T10:10:43+08:00","message":"migrate db..."}
{"level":"info","time":"2019-03-20T10:10:43+08:00","message":"applied migrations..."}
{"level":"info","pid":104218,"time":"2019-03-20T10:14:10+08:00","message":"app booted."}
{"level":"info","config":{"debug":true,"mysql":"root:123456@tcp(192.168.35.193:3306)/weibo?charset=utf8mb4\u0026parseTime=true","conf_path":".","announce_key":"2.005M2CdGDsxwmC737c94b50c0t5yfU","comments_count":"200"},"time":"2019-03-20T10:14:10+08:00","message":"loaded config."}
{"level":"info","time":"2019-03-20T10:14:10+08:00","message":"start load db..."}
{"level":"info","time":"2019-03-20T10:14:10+08:00","message":"loaded db."}
{"level":"info","time":"2019-03-20T10:14:10+08:00","message":"migrate db..."}
{"level":"info","time":"2019-03-20T10:14:10+08:00","message":"applied migrations..."}
{"level":"info","pid":104270,"time":"2019-03-20T10:16:13+08:00","message":"app booted."}
{"level":"info","config":{"debug":true,"mysql":"root:123456@tcp(192.168.35.193:3306)/weibo?charset=utf8mb4\u0026parseTime=true","conf_path":".","announce_key":"2.005M2CdGDsxwmC737c94b50c0t5yfU","comments_count":"200"},"time":"2019-03-20T10:16:13+08:00","message":"loaded config."}
{"level":"info","time":"2019-03-20T10:16:13+08:00","message":"start load db..."}
{"level":"info","time":"2019-03-20T10:16:13+08:00","message":"loaded db."}
{"level":"info","time":"2019-03-20T10:16:13+08:00","message":"migrate db..."}
{"level":"info","time":"2019-03-20T10:16:13+08:00","message":"applied migrations..."}
{"level":"info","pid":104333,"time":"2019-03-20T10:18:50+08:00","message":"app booted."}
{"level":"info","config":{"debug":true,"mysql":"root:123456@tcp(192.168.35.193:3306)/weibo?charset=utf8mb4\u0026parseTime=true","conf_path":".","announce_key":"2.005M2CdGDsxwmC737c94b50c0t5yfU","comments_count":"200"},"time":"2019-03-20T10:18:50+08:00","message":"loaded config."}
{"level":"info","time":"2019-03-20T10:18:50+08:00","message":"start load db..."}
{"level":"info","time":"2019-03-20T10:18:50+08:00","message":"loaded db."}
{"level":"info","time":"2019-03-20T10:18:50+08:00","message":"migrate db..."}
{"level":"info","pid":104394,"time":"2019-03-20T10:19:30+08:00","message":"app booted."}
{"level":"info","config":{"debug":true,"mysql":"root:123456@tcp(192.168.35.193:3306)/weibo?charset=utf8mb4\u0026parseTime=true","conf_path":".","announce_key":"2.005M2CdGDsxwmC737c94b50c0t5yfU","comments_count":"200"},"time":"2019-03-20T10:19:30+08:00","message":"loaded config."}
{"level":"info","time":"2019-03-20T10:19:30+08:00","message":"start load db..."}
{"level":"info","time":"2019-03-20T10:19:30+08:00","message":"loaded db."}
{"level":"info","time":"2019-03-20T10:19:30+08:00","message":"migrate db..."}
{"level":"info","time":"2019-03-20T10:19:31+08:00","message":"applied migrations..."}
{"level":"info","pid":104454,"time":"2019-03-20T10:36:02+08:00","message":"app booted."}
{"level":"info","config":{"debug":true,"mysql":"root:123456@tcp(192.168.35.193:3306)/weibo?charset=utf8mb4\u0026parseTime=true","conf_path":".","announce_key":"2.005M2CdGSMUrjDfeacca4dba0h5fZG","comments_count":"50"},"time":"2019-03-20T10:36:02+08:00","message":"loaded config."}
{"level":"info","time":"2019-03-20T10:36:02+08:00","message":"start load db..."}
{"level":"info","time":"2019-03-20T10:36:02+08:00","message":"loaded db."}
{"level":"info","time":"2019-03-20T10:36:02+08:00","message":"migrate db..."}
{"level":"info","time":"2019-03-20T10:36:02+08:00","message":"applied migrations..."}
{"level":"info","pid":104518,"time":"2019-03-20T10:45:10+08:00","message":"app booted."}
{"level":"info","config":{"debug":true,"mysql":"root:123456@tcp(192.168.35.193:3306)/weibo?charset=utf8mb4\u0026parseTime=true","conf_path":".","announce_key":"2.005M2CdGSMUrjDfeacca4dba0h5fZG","comments_count":"50"},"time":"2019-03-20T10:45:10+08:00","message":"loaded config."}
{"level":"info","time":"2019-03-20T10:45:10+08:00","message":"start load db..."}
{"level":"info","time":"2019-03-20T10:45:10+08:00","message":"loaded db."}
{"level":"info","time":"2019-03-20T10:45:10+08:00","message":"migrate db..."}
{"level":"info","time":"2019-03-20T10:45:11+08:00","message":"applied migrations..."}
{"level":"info","pid":104579,"time":"2019-03-20T10:59:09+08:00","message":"app booted."}
{"level":"info","config":{"debug":true,"mysql":"root:123456@tcp(192.168.35.193:3306)/weibo?charset=utf8mb4\u0026parseTime=true","conf_path":".","announce_key":"2.005M2CdGSMUrjDfeacca4dba0h5fZG","comments_count":"200"},"time":"2019-03-20T10:59:09+08:00","message":"loaded config."}
{"level":"info","time":"2019-03-20T10:59:09+08:00","message":"start load db..."}
{"level":"info","time":"2019-03-20T10:59:09+08:00","message":"loaded db."}
{"level":"info","time":"2019-03-20T10:59:09+08:00","message":"migrate db..."}
{"level":"info","time":"2019-03-20T10:59:09+08:00","message":"applied migrations..."}
{"level":"info","pid":104633,"time":"2019-03-20T11:02:08+08:00","message":"app booted."}
{"level":"info","config":{"debug":true,"mysql":"root:123456@tcp(192.168.35.193:3306)/weibo?charset=utf8mb4\u0026parseTime=true","conf_path":".","announce_key":"2.005M2CdGSMUrjDfeacca4dba0h5fZG","comments_count":"200"},"time":"2019-03-20T11:02:08+08:00","message":"loaded config."}
{"level":"info","time":"2019-03-20T11:02:08+08:00","message":"start load db..."}
{"level":"info","time":"2019-03-20T11:02:08+08:00","message":"loaded db."}
{"level":"info","time":"2019-03-20T11:02:08+08:00","message":"migrate db..."}
{"level":"info","time":"2019-03-20T11:02:08+08:00","message":"applied migrations..."}
{"level":"info","pid":104684,"time":"2019-03-20T11:08:10+08:00","message":"app booted."}
{"level":"info","config":{"debug":true,"mysql":"root:123456@tcp(192.168.35.193:3306)/weibo?charset=utf8mb4\u0026parseTime=true","conf_path":".","announce_key":"2.005M2CdGSMUrjDfeacca4dba0h5fZG","comments_count":"200"},"time":"2019-03-20T11:08:10+08:00","message":"loaded config."}
{"level":"info","time":"2019-03-20T11:08:10+08:00","message":"start load db..."}
{"level":"info","time":"2019-03-20T11:08:10+08:00","message":"loaded db."}
{"level":"info","time":"2019-03-20T11:08:10+08:00","message":"migrate db..."}
{"level":"info","time":"2019-03-20T11:08:10+08:00","message":"applied migrations..."}
{"level":"info","pid":104736,"time":"2019-03-20T11:12:28+08:00","message":"app booted."}
{"level":"info","config":{"debug":true,"mysql":"root:123456@tcp(192.168.35.193:3306)/weibo?charset=utf8mb4\u0026parseTime=true","conf_path":".","announce_key":"2.005M2CdGSMUrjDfeacca4dba0h5fZG","comments_count":"200"},"time":"2019-03-20T11:12:28+08:00","message":"loaded config."}
{"level":"info","time":"2019-03-20T11:12:28+08:00","message":"start load db..."}
{"level":"info","time":"2019-03-20T11:12:28+08:00","message":"loaded db."}
{"level":"info","time":"2019-03-20T11:12:28+08:00","message":"migrate db..."}
{"level":"info","time":"2019-03-20T11:12:28+08:00","message":"applied migrations..."}
{"level":"info","pid":104787,"time":"2019-03-20T11:13:39+08:00","message":"app booted."}
{"level":"info","config":{"debug":true,"mysql":"root:123456@tcp(192.168.35.193:3306)/weibo?charset=utf8mb4\u0026parseTime=true","conf_path":".","announce_key":"2.005M2CdGSMUrjDfeacca4dba0h5fZG","comments_count":"200"},"time":"2019-03-20T11:13:39+08:00","message":"loaded config."}
{"level":"info","time":"2019-03-20T11:13:39+08:00","message":"start load db..."}
{"level":"info","time":"2019-03-20T11:13:39+08:00","message":"loaded db."}
{"level":"info","time":"2019-03-20T11:13:39+08:00","message":"migrate db..."}
{"level":"info","time":"2019-03-20T11:13:39+08:00","message":"applied migrations..."}
{"level":"info","pid":104839,"time":"2019-03-20T11:16:13+08:00","message":"app booted."}
{"level":"info","config":{"debug":true,"mysql":"root:123456@tcp(192.168.35.193:3306)/weibo?charset=utf8mb4\u0026parseTime=true","conf_path":".","announce_key":"2.005M2CdGSMUrjDfeacca4dba0h5fZG","comments_count":"200"},"time":"2019-03-20T11:16:13+08:00","message":"loaded config."}
{"level":"info","time":"2019-03-20T11:16:13+08:00","message":"start load db..."}
{"level":"info","time":"2019-03-20T11:16:13+08:00","message":"loaded db."}
{"level":"info","time":"2019-03-20T11:16:13+08:00","message":"migrate db..."}
{"level":"info","time":"2019-03-20T11:16:13+08:00","message":"applied migrations..."}
{"level":"info","pid":104893,"time":"2019-03-20T11:19:24+08:00","message":"app booted."}
{"level":"info","config":{"debug":true,"mysql":"root:123456@tcp(192.168.35.193:3306)/weibo?charset=utf8mb4\u0026parseTime=true","conf_path":".","announce_key":"2.005M2CdGSMUrjDfeacca4dba0h5fZG","comments_count":"200"},"time":"2019-03-20T11:19:24+08:00","message":"loaded config."}
{"level":"info","time":"2019-03-20T11:19:24+08:00","message":"start load db..."}
{"level":"info","time":"2019-03-20T11:19:24+08:00","message":"loaded db."}
{"level":"info","time":"2019-03-20T11:19:24+08:00","message":"migrate db..."}
{"level":"info","time":"2019-03-20T11:19:24+08:00","message":"applied migrations..."}
{"level":"info","pid":104937,"time":"2019-03-20T11:19:52+08:00","message":"app booted."}
{"level":"info","config":{"debug":true,"mysql":"root:123456@tcp(192.168.35.193:3306)/weibo?charset=utf8mb4\u0026parseTime=true","conf_path":".","announce_key":"2.005M2CdGSMUrjDfeacca4dba0h5fZG","comments_count":"200"},"time":"2019-03-20T11:19:52+08:00","message":"loaded config."}
{"level":"info","time":"2019-03-20T11:19:52+08:00","message":"start load db..."}
{"level":"info","time":"2019-03-20T11:19:52+08:00","message":"loaded db."}
{"level":"info","time":"2019-03-20T11:19:52+08:00","message":"migrate db..."}
{"level":"info","time":"2019-03-20T11:19:52+08:00","message":"applied migrations..."}
{"level":"info","pid":104981,"time":"2019-03-20T11:20:10+08:00","message":"app booted."}
{"level":"info","config":{"debug":true,"mysql":"root:123456@tcp(192.168.35.193:3306)/weibo?charset=utf8mb4\u0026parseTime=true","conf_path":".","announce_key":"2.005M2CdGSMUrjDfeacca4dba0h5fZG","comments_count":"200"},"time":"2019-03-20T11:20:10+08:00","message":"loaded config."}
{"level":"info","time":"2019-03-20T11:20:10+08:00","message":"start load db..."}
{"level":"info","time":"2019-03-20T11:20:10+08:00","message":"loaded db."}
{"level":"info","time":"2019-03-20T11:20:10+08:00","message":"migrate db..."}
{"level":"info","time":"2019-03-20T11:20:10+08:00","message":"applied migrations..."}
{"level":"info","pid":105048,"time":"2019-03-20T11:46:42+08:00","message":"app booted."}
{"level":"info","config":{"debug":true,"mysql":"root:123456@tcp(192.168.35.193:3306)/weibo?charset=utf8mb4\u0026parseTime=true","conf_path":".","announce_key":"2.005M2CdGSMUrjDfeacca4dba0h5fZG","comments_count":"200"},"time":"2019-03-20T11:46:42+08:00","message":"loaded config."}
{"level":"info","time":"2019-03-20T11:46:42+08:00","message":"start load db..."}
{"level":"info","time":"2019-03-20T11:46:42+08:00","message":"loaded db."}
{"level":"info","time":"2019-03-20T11:46:42+08:00","message":"migrate db..."}
{"level":"info","time":"2019-03-20T11:46:42+08:00","message":"applied migrations..."}
{"level":"info","pid":105111,"time":"2019-03-20T12:00:12+08:00","message":"app booted."}
{"level":"info","config":{"debug":true,"mysql":"root:123456@tcp(192.168.35.193:3306)/weibo?charset=utf8mb4\u0026parseTime=true","conf_path":".","announce_key":"2.005M2CdGSMUrjDfeacca4dba0h5fZG","comments_count":"200"},"time":"2019-03-20T12:00:12+08:00","message":"loaded config."}
{"level":"info","time":"2019-03-20T12:00:12+08:00","message":"start load db..."}
{"level":"info","time":"2019-03-20T12:00:12+08:00","message":"loaded db."}
{"level":"info","time":"2019-03-20T12:00:12+08:00","message":"migrate db..."}
{"level":"info","time":"2019-03-20T12:00:12+08:00","message":"applied migrations..."}
{"level":"info","pid":105179,"time":"2019-03-20T13:33:10+08:00","message":"app booted."}
{"level":"info","config":{"debug":true,"mysql":"root:123456@tcp(192.168.35.193:3306)/weibo?charset=utf8mb4\u0026parseTime=true","conf_path":".","announce_key":"2.005M2CdGSMUrjDfeacca4dba0h5fZG","comments_count":"200"},"time":"2019-03-20T13:33:10+08:00","message":"loaded config."}
{"level":"info","time":"2019-03-20T13:33:10+08:00","message":"start load db..."}
{"level":"info","time":"2019-03-20T13:33:10+08:00","message":"loaded db."}
{"level":"info","time":"2019-03-20T13:33:10+08:00","message":"migrate db..."}
{"level":"info","time":"2019-03-20T13:33:10+08:00","message":"applied migrations..."}
{"level":"info","pid":105241,"time":"2019-03-20T13:39:24+08:00","message":"app booted."}
{"level":"info","config":{"debug":true,"mysql":"root:123456@tcp(192.168.35.193:3306)/weibo?charset=utf8mb4\u0026parseTime=true","conf_path":".","announce_key":"2.005M2CdG0RedLcc972a5c2e8Hz2GmD","comments_count":"200"},"time":"2019-03-20T13:39:24+08:00","message":"loaded config."}
{"level":"info","time":"2019-03-20T13:39:24+08:00","message":"start load db..."}
{"level":"info","time":"2019-03-20T13:39:24+08:00","message":"loaded db."}
{"level":"info","time":"2019-03-20T13:39:24+08:00","message":"migrate db..."}
{"level":"info","time":"2019-03-20T13:39:25+08:00","message":"applied migrations..."}
{"level":"info","pid":105290,"time":"2019-03-20T13:39:45+08:00","message":"app booted."}
{"level":"info","config":{"debug":true,"mysql":"root:123456@tcp(192.168.35.193:3306)/weibo?charset=utf8mb4\u0026parseTime=true","conf_path":".","announce_key":"2.005M2CdG0RedLcc972a5c2e8Hz2GmD","comments_count":"200"},"time":"2019-03-20T13:39:45+08:00","message":"loaded config."}
{"level":"info","time":"2019-03-20T13:39:45+08:00","message":"start load db..."}
{"level":"info","time":"2019-03-20T13:39:45+08:00","message":"loaded db."}
{"level":"info","time":"2019-03-20T13:39:45+08:00","message":"migrate db..."}
{"level":"info","time":"2019-03-20T13:39:45+08:00","message":"applied migrations..."}
{"level":"info","pid":105338,"time":"2019-03-20T13:47:21+08:00","message":"app booted."}
{"level":"info","config":{"debug":true,"mysql":"root:123456@tcp(192.168.35.193:3306)/weibo?charset=utf8mb4\u0026parseTime=true","conf_path":".","announce_key":"2.005M2CdG0RedLcc972a5c2e8Hz2GmD","comments_count":"200"},"time":"2019-03-20T13:47:21+08:00","message":"loaded config."}
{"level":"info","time":"2019-03-20T13:47:21+08:00","message":"start load db..."}
{"level":"info","time":"2019-03-20T13:47:21+08:00","message":"loaded db."}
{"level":"info","time":"2019-03-20T13:47:21+08:00","message":"migrate db..."}
{"level":"info","time":"2019-03-20T13:47:21+08:00","message":"applied migrations..."}
{"level":"info","pid":105394,"time":"2019-03-20T14:55:09+08:00","message":"app booted."}
{"level":"info","config":{"debug":true,"mysql":"root:123456@tcp(192.168.35.193:3306)/weibo?charset=utf8mb4\u0026parseTime=true","conf_path":".","announce_key":"2.005M2CdG0RedLcc972a5c2e8Hz2GmD","comments_count":"200"},"time":"2019-03-20T14:55:09+08:00","message":"loaded config."}
{"level":"info","time":"2019-03-20T14:55:09+08:00","message":"start load db..."}
{"level":"info","time":"2019-03-20T14:55:09+08:00","message":"loaded db."}
{"level":"info","time":"2019-03-20T14:55:09+08:00","message":"migrate db..."}
{"level":"info","time":"2019-03-20T14:55:09+08:00","message":"applied migrations..."}
{"level":"info","pid":105446,"time":"2019-03-20T14:58:14+08:00","message":"app booted."}
{"level":"info","config":{"debug":true,"mysql":"root:123456@tcp(192.168.35.193:3306)/weibo?charset=utf8mb4\u0026parseTime=true","conf_path":".","announce_key":"2.005M2CdG0RedLcc972a5c2e8Hz2GmD","comments_count":"200"},"time":"2019-03-20T14:58:14+08:00","message":"loaded config."}
{"level":"info","time":"2019-03-20T14:58:14+08:00","message":"start load db..."}
{"level":"info","time":"2019-03-20T14:58:14+08:00","message":"loaded db."}
{"level":"info","time":"2019-03-20T14:58:14+08:00","message":"migrate db..."}
{"level":"info","time":"2019-03-20T14:58:14+08:00","message":"applied migrations..."}
{"level":"info","pid":105497,"time":"2019-03-20T15:07:08+08:00","message":"app booted."}
{"level":"info","config":{"debug":true,"mysql":"root:123456@tcp(192.168.35.193:3306)/weibo?charset=utf8mb4\u0026parseTime=true","conf_path":".","announce_key":"2.005M2CdG0RedLcc972a5c2e8Hz2GmD","comments_count":"200"},"time":"2019-03-20T15:07:08+08:00","message":"loaded config."}
{"level":"info","time":"2019-03-20T15:07:08+08:00","message":"start load db..."}
{"level":"info","time":"2019-03-20T15:07:08+08:00","message":"loaded db."}
{"level":"info","time":"2019-03-20T15:07:08+08:00","message":"migrate db..."}
{"level":"info","time":"2019-03-20T15:07:08+08:00","message":"applied migrations..."}
{"level":"info","pid":105549,"time":"2019-03-20T15:08:50+08:00","message":"app booted."}
{"level":"info","config":{"debug":true,"mysql":"root:123456@tcp(192.168.35.193:3306)/weibo?charset=utf8mb4\u0026parseTime=true","conf_path":".","announce_key":"2.005M2CdG0RedLcc972a5c2e8Hz2GmD","comments_count":"200"},"time":"2019-03-20T15:08:50+08:00","message":"loaded config."}
{"level":"info","time":"2019-03-20T15:08:50+08:00","message":"start load db..."}
{"level":"info","time":"2019-03-20T15:08:50+08:00","message":"loaded db."}
{"level":"info","time":"2019-03-20T15:08:50+08:00","message":"migrate db..."}
{"level":"info","time":"2019-03-20T15:08:50+08:00","message":"applied migrations..."}
{"level":"info","pid":105601,"time":"2019-03-20T15:10:24+08:00","message":"app booted."}
{"level":"info","config":{"debug":true,"mysql":"root:123456@tcp(192.168.35.193:3306)/weibo?charset=utf8mb4\u0026parseTime=true","conf_path":".","announce_key":"2.005M2CdG0RedLcc972a5c2e8Hz2GmD","comments_count":"200"},"time":"2019-03-20T15:10:24+08:00","message":"loaded config."}
{"level":"info","time":"2019-03-20T15:10:24+08:00","message":"start load db..."}
{"level":"info","time":"2019-03-20T15:10:24+08:00","message":"loaded db."}
{"level":"info","time":"2019-03-20T15:10:24+08:00","message":"migrate db..."}
{"level":"info","time":"2019-03-20T15:10:24+08:00","message":"applied migrations..."}
{"level":"info","pid":105646,"time":"2019-03-20T15:11:00+08:00","message":"app booted."}
{"level":"info","config":{"debug":true,"mysql":"root:123456@tcp(192.168.35.193:3306)/weibo?charset=utf8mb4\u0026parseTime=true","conf_path":".","announce_key":"2.005M2CdG0RedLcc972a5c2e8Hz2GmD","comments_count":"200"},"time":"2019-03-20T15:11:00+08:00","message":"loaded config."}
{"level":"info","time":"2019-03-20T15:11:00+08:00","message":"start load db..."}
{"level":"info","time":"2019-03-20T15:11:00+08:00","message":"loaded db."}
{"level":"info","time":"2019-03-20T15:11:00+08:00","message":"migrate db..."}
{"level":"info","time":"2019-03-20T15:11:00+08:00","message":"applied migrations..."}
{"level":"info","pid":105697,"time":"2019-03-20T15:22:20+08:00","message":"app booted."}
{"level":"info","config":{"debug":true,"mysql":"root:123456@tcp(192.168.35.193:3306)/weibo?charset=utf8mb4\u0026parseTime=true","conf_path":".","announce_key":"2.005M2CdG0RedLcc972a5c2e8Hz2GmD","comments_count":"200"},"time":"2019-03-20T15:22:20+08:00","message":"loaded config."}
{"level":"info","time":"2019-03-20T15:22:20+08:00","message":"start load db..."}
{"level":"info","time":"2019-03-20T15:22:20+08:00","message":"loaded db."}
{"level":"info","time":"2019-03-20T15:22:20+08:00","message":"migrate db..."}
{"level":"info","time":"2019-03-20T15:22:20+08:00","message":"applied migrations..."}
{"level":"info","pid":105742,"time":"2019-03-20T15:22:30+08:00","message":"app booted."}
{"level":"info","config":{"debug":true,"mysql":"root:123456@tcp(192.168.35.193:3306)/weibo?charset=utf8mb4\u0026parseTime=true","conf_path":".","announce_key":"2.005M2CdG0RedLcc972a5c2e8Hz2GmD","comments_count":"200"},"time":"2019-03-20T15:22:30+08:00","message":"loaded config."}
{"level":"info","time":"2019-03-20T15:22:30+08:00","message":"start load db..."}
{"level":"info","time":"2019-03-20T15:22:30+08:00","message":"loaded db."}
{"level":"info","time":"2019-03-20T15:22:30+08:00","message":"migrate db..."}
{"level":"info","time":"2019-03-20T15:22:30+08:00","message":"applied migrations..."}
{"level":"info","pid":105791,"time":"2019-03-20T15:25:46+08:00","message":"app booted."}
{"level":"info","config":{"debug":true,"mysql":"root:123456@tcp(192.168.35.193:3306)/weibo?charset=utf8mb4\u0026parseTime=true","conf_path":".","announce_key":"2.005M2CdG0RedLcc972a5c2e8Hz2GmD","comments_count":"200"},"time":"2019-03-20T15:25:46+08:00","message":"loaded config."}
{"level":"info","time":"2019-03-20T15:25:46+08:00","message":"start load db..."}
{"level":"info","time":"2019-03-20T15:25:46+08:00","message":"loaded db."}
{"level":"info","time":"2019-03-20T15:25:46+08:00","message":"migrate db..."}
{"level":"info","time":"2019-03-20T15:25:46+08:00","message":"applied migrations..."}
{"level":"info","pid":105842,"time":"2019-03-20T15:38:18+08:00","message":"app booted."}
{"level":"info","config":{"debug":true,"mysql":"root:123456@tcp(192.168.35.193:3306)/weibo?charset=utf8mb4\u0026parseTime=true","conf_path":".","announce_key":"2.005M2CdG0RedLcc972a5c2e8Hz2GmD","comments_count":"200"},"time":"2019-03-20T15:38:18+08:00","message":"loaded config."}
{"level":"info","time":"2019-03-20T15:38:18+08:00","message":"start load db..."}
{"level":"info","time":"2019-03-20T15:38:18+08:00","message":"loaded db."}
{"level":"info","time":"2019-03-20T15:38:18+08:00","message":"migrate db..."}
{"level":"info","time":"2019-03-20T15:38:18+08:00","message":"applied migrations..."}
{"level":"info","pid":105893,"time":"2019-03-20T15:49:41+08:00","message":"app booted."}
{"level":"info","config":{"debug":true,"mysql":"root:123456@tcp(192.168.35.193:3306)/weibo?charset=utf8mb4\u0026parseTime=true","conf_path":".","announce_key":"2.005M2CdG0RedLcc972a5c2e8Hz2GmD","comments_count":"200"},"time":"2019-03-20T15:49:41+08:00","message":"loaded config."}
{"level":"info","time":"2019-03-20T15:49:41+08:00","message":"start load db..."}
{"level":"info","time":"2019-03-20T15:49:41+08:00","message":"loaded db."}
{"level":"info","time":"2019-03-20T15:49:41+08:00","message":"migrate db..."}
{"level":"info","time":"2019-03-20T15:49:41+08:00","message":"applied migrations..."}
{"level":"info","pid":105957,"time":"2019-03-20T15:57:09+08:00","message":"app booted."}
{"level":"info","config":{"debug":true,"mysql":"root:123456@tcp(192.168.35.193:3306)/weibo?charset=utf8mb4\u0026parseTime=true","conf_path":".","announce_key":"2.005M2CdG0RedLcc972a5c2e8Hz2GmD","comments_count":"200"},"time":"2019-03-20T15:57:09+08:00","message":"loaded config."}
{"level":"info","time":"2019-03-20T15:57:09+08:00","message":"start load db..."}
{"level":"info","time":"2019-03-20T15:57:09+08:00","message":"loaded db."}
{"level":"info","time":"2019-03-20T15:57:09+08:00","message":"migrate db..."}
{"level":"info","time":"2019-03-20T15:57:10+08:00","message":"applied migrations..."}
{"level":"info","pid":106008,"time":"2019-03-20T16:00:08+08:00","message":"app booted."}
{"level":"info","config":{"debug":true,"mysql":"root:123456@tcp(192.168.35.193:3306)/weibo?charset=utf8mb4\u0026parseTime=true","conf_path":".","announce_key":"2.005M2CdG0RedLcc972a5c2e8Hz2GmD","comments_count":"200"},"time":"2019-03-20T16:00:08+08:00","message":"loaded config."}
{"level":"info","time":"2019-03-20T16:00:08+08:00","message":"start load db..."}
{"level":"info","time":"2019-03-20T16:00:08+08:00","message":"loaded db."}
{"level":"info","time":"2019-03-20T16:00:08+08:00","message":"migrate db..."}
{"level":"info","time":"2019-03-20T16:00:08+08:00","message":"applied migrations..."}
{"level":"info","pid":106060,"time":"2019-03-20T16:01:25+08:00","message":"app booted."}
{"level":"info","config":{"debug":true,"mysql":"root:123456@tcp(192.168.35.193:3306)/weibo?charset=utf8mb4\u0026parseTime=true","conf_path":".","announce_key":"2.005M2CdG0RedLcc972a5c2e8Hz2GmD","comments_count":"200"},"time":"2019-03-20T16:01:25+08:00","message":"loaded config."}
{"level":"info","time":"2019-03-20T16:01:25+08:00","message":"start load db..."}
{"level":"info","time":"2019-03-20T16:01:25+08:00","message":"loaded db."}
{"level":"info","time":"2019-03-20T16:01:25+08:00","message":"migrate db..."}
{"level":"info","time":"2019-03-20T16:01:25+08:00","message":"applied migrations..."}
{"level":"info","pid":106115,"time":"2019-03-20T16:05:26+08:00","message":"app booted."}
{"level":"info","config":{"debug":true,"mysql":"root:123456@tcp(192.168.35.193:3306)/weibo?charset=utf8mb4\u0026parseTime=true","conf_path":".","announce_key":"2.005M2CdG0RedLcc972a5c2e8Hz2GmD","comments_count":"200"},"time":"2019-03-20T16:05:26+08:00","message":"loaded config."}
{"level":"info","time":"2019-03-20T16:05:26+08:00","message":"start load db..."}
{"level":"info","time":"2019-03-20T16:05:26+08:00","message":"loaded db."}
{"level":"info","time":"2019-03-20T16:05:26+08:00","message":"migrate db..."}
{"level":"info","time":"2019-03-20T16:05:27+08:00","message":"applied migrations..."}
{"level":"info","pid":106166,"time":"2019-03-20T16:05:54+08:00","message":"app booted."}
{"level":"info","config":{"debug":true,"mysql":"root:123456@tcp(192.168.35.193:3306)/weibo?charset=utf8mb4\u0026parseTime=true","conf_path":".","announce_key":"2.005M2CdG0RedLcc972a5c2e8Hz2GmD","comments_count":"200"},"time":"2019-03-20T16:05:54+08:00","message":"loaded config."}
{"level":"info","time":"2019-03-20T16:05:54+08:00","message":"start load db..."}
{"level":"info","time":"2019-03-20T16:05:54+08:00","message":"loaded db."}
{"level":"info","time":"2019-03-20T16:05:54+08:00","message":"migrate db..."}
{"level":"info","time":"2019-03-20T16:05:54+08:00","message":"applied migrations..."}
{"level":"info","pid":106216,"time":"2019-03-20T16:07:04+08:00","message":"app booted."}
{"level":"info","config":{"debug":true,"mysql":"root:123456@tcp(192.168.35.193:3306)/weibo?charset=utf8mb4\u0026parseTime=true","conf_path":".","announce_key":"2.005M2CdG0RedLcc972a5c2e8Hz2GmD","comments_count":"200"},"time":"2019-03-20T16:07:04+08:00","message":"loaded config."}
{"level":"info","time":"2019-03-20T16:07:04+08:00","message":"start load db..."}
{"level":"info","time":"2019-03-20T16:07:04+08:00","message":"loaded db."}
{"level":"info","time":"2019-03-20T16:07:04+08:00","message":"migrate db..."}
{"level":"info","time":"2019-03-20T16:07:04+08:00","message":"applied migrations..."}
{"level":"info","pid":106267,"time":"2019-03-20T16:07:44+08:00","message":"app booted."}
{"level":"info","config":{"debug":true,"mysql":"root:123456@tcp(192.168.35.193:3306)/weibo?charset=utf8mb4\u0026parseTime=true","conf_path":".","announce_key":"2.005M2CdG0RedLcc972a5c2e8Hz2GmD","comments_count":"200"},"time":"2019-03-20T16:07:44+08:00","message":"loaded config."}
{"level":"info","time":"2019-03-20T16:07:44+08:00","message":"start load db..."}
{"level":"info","time":"2019-03-20T16:07:44+08:00","message":"loaded db."}
{"level":"info","time":"2019-03-20T16:07:44+08:00","message":"migrate db..."}
{"level":"info","time":"2019-03-20T16:07:44+08:00","message":"applied migrations..."}
{"level":"info","pid":106318,"time":"2019-03-20T16:08:11+08:00","message":"app booted."}
{"level":"info","config":{"debug":true,"mysql":"root:123456@tcp(192.168.35.193:3306)/weibo?charset=utf8mb4\u0026parseTime=true","conf_path":".","announce_key":"2.005M2CdG0RedLcc972a5c2e8Hz2GmD","comments_count":"200"},"time":"2019-03-20T16:08:11+08:00","message":"loaded config."}
{"level":"info","time":"2019-03-20T16:08:11+08:00","message":"start load db..."}
{"level":"info","time":"2019-03-20T16:08:12+08:00","message":"loaded db."}
{"level":"info","time":"2019-03-20T16:08:12+08:00","message":"migrate db..."}
{"level":"info","time":"2019-03-20T16:08:12+08:00","message":"applied migrations..."}
{"level":"info","pid":106369,"time":"2019-03-20T16:10:45+08:00","message":"app booted."}
{"level":"info","config":{"debug":true,"mysql":"root:123456@tcp(192.168.35.193:3306)/weibo?charset=utf8mb4\u0026parseTime=true","conf_path":".","announce_key":"2.005M2CdG0RedLcc972a5c2e8Hz2GmD","comments_count":"200"},"time":"2019-03-20T16:10:45+08:00","message":"loaded config."}
{"level":"info","time":"2019-03-20T16:10:45+08:00","message":"start load db..."}
{"level":"info","time":"2019-03-20T16:10:46+08:00","message":"loaded db."}
{"level":"info","time":"2019-03-20T16:10:46+08:00","message":"migrate db..."}
{"level":"info","time":"2019-03-20T16:10:46+08:00","message":"applied migrations..."}
{"level":"info","pid":106421,"time":"2019-03-20T16:14:58+08:00","message":"app booted."}
{"level":"info","config":{"debug":true,"mysql":"root:123456@tcp(192.168.35.193:3306)/weibo?charset=utf8mb4\u0026parseTime=true","conf_path":".","announce_key":"2.005M2CdG0RedLcc972a5c2e8Hz2GmD","comments_count":"200"},"time":"2019-03-20T16:14:58+08:00","message":"loaded config."}
{"level":"info","time":"2019-03-20T16:14:58+08:00","message":"start load db..."}
{"level":"info","time":"2019-03-20T16:14:58+08:00","message":"loaded db."}
{"level":"info","time":"2019-03-20T16:14:58+08:00","message":"migrate db..."}
{"level":"info","time":"2019-03-20T16:14:58+08:00","message":"applied migrations..."}
{"level":"info","pid":106475,"time":"2019-03-20T16:17:30+08:00","message":"app booted."}
{"level":"info","config":{"debug":true,"mysql":"root:123456@tcp(192.168.35.193:3306)/weibo?charset=utf8mb4\u0026parseTime=true","conf_path":".","announce_key":"2.005M2CdG0RedLcc972a5c2e8Hz2GmD","comments_count":"200"},"time":"2019-03-20T16:17:30+08:00","message":"loaded config."}
{"level":"info","time":"2019-03-20T16:17:30+08:00","message":"start load db..."}
{"level":"info","time":"2019-03-20T16:17:30+08:00","message":"loaded db."}
{"level":"info","time":"2019-03-20T16:17:30+08:00","message":"migrate db..."}
{"level":"info","time":"2019-03-20T16:17:31+08:00","message":"applied migrations..."}
{"level":"info","pid":106526,"time":"2019-03-20T16:18:15+08:00","message":"app booted."}
{"level":"info","config":{"debug":true,"mysql":"root:123456@tcp(192.168.35.193:3306)/weibo?charset=utf8mb4\u0026parseTime=true","conf_path":".","announce_key":"2.005M2CdG0RedLcc972a5c2e8Hz2GmD","comments_count":"200"},"time":"2019-03-20T16:18:15+08:00","message":"loaded config."}
{"level":"info","time":"2019-03-20T16:18:15+08:00","message":"start load db..."}
{"level":"info","time":"2019-03-20T16:18:15+08:00","message":"loaded db."}
{"level":"info","time":"2019-03-20T16:18:15+08:00","message":"migrate db..."}
{"level":"info","time":"2019-03-20T16:18:15+08:00","message":"applied migrations..."}
{"level":"info","pid":106577,"time":"2019-03-20T16:19:22+08:00","message":"app booted."}
{"level":"info","config":{"debug":true,"mysql":"root:123456@tcp(192.168.35.193:3306)/weibo?charset=utf8mb4\u0026parseTime=true","conf_path":".","announce_key":"2.005M2CdG0RedLcc972a5c2e8Hz2GmD","comments_count":"200"},"time":"2019-03-20T16:19:22+08:00","message":"loaded config."}
{"level":"info","time":"2019-03-20T16:19:22+08:00","message":"start load db..."}
{"level":"info","time":"2019-03-20T16:19:22+08:00","message":"loaded db."}
{"level":"info","time":"2019-03-20T16:19:22+08:00","message":"migrate db..."}
{"level":"info","time":"2019-03-20T16:19:22+08:00","message":"applied migrations..."}
{"level":"info","pid":106645,"time":"2019-03-20T16:23:24+08:00","message":"app booted."}
{"level":"info","config":{"debug":true,"mysql":"root:123456@tcp(192.168.35.193:3306)/weibo?charset=utf8mb4\u0026parseTime=true","conf_path":".","announce_key":"2.005M2CdG0RedLcc972a5c2e8Hz2GmD","comments_count":"200"},"time":"2019-03-20T16:23:24+08:00","message":"loaded config."}
{"level":"info","time":"2019-03-20T16:23:24+08:00","message":"start load db..."}
{"level":"info","time":"2019-03-20T16:23:24+08:00","message":"loaded db."}
{"level":"info","time":"2019-03-20T16:23:24+08:00","message":"migrate db..."}
{"level":"info","time":"2019-03-20T16:23:25+08:00","message":"applied migrations..."}
{"level":"info","pid":106697,"time":"2019-03-20T16:25:15+08:00","message":"app booted."}
{"level":"info","config":{"debug":true,"mysql":"root:123456@tcp(192.168.35.193:3306)/weibo?charset=utf8mb4\u0026parseTime=true","conf_path":".","announce_key":"2.005M2CdG0RedLcc972a5c2e8Hz2GmD","comments_count":"200"},"time":"2019-03-20T16:25:15+08:00","message":"loaded config."}
{"level":"info","time":"2019-03-20T16:25:15+08:00","message":"start load db..."}
{"level":"info","time":"2019-03-20T16:25:15+08:00","message":"loaded db."}
{"level":"info","time":"2019-03-20T16:25:15+08:00","message":"migrate db..."}
{"level":"info","time":"2019-03-20T16:25:15+08:00","message":"applied migrations..."}
{"level":"info","pid":106748,"time":"2019-03-20T16:30:01+08:00","message":"app booted."}
{"level":"info","config":{"debug":true,"mysql":"root:123456@tcp(192.168.35.193:3306)/weibo?charset=utf8mb4\u0026parseTime=true","conf_path":".","announce_key":"2.005M2CdG0RedLcc972a5c2e8Hz2GmD","comments_count":"200"},"time":"2019-03-20T16:30:01+08:00","message":"loaded config."}
{"level":"info","time":"2019-03-20T16:30:01+08:00","message":"start load db..."}
{"level":"info","time":"2019-03-20T16:30:01+08:00","message":"loaded db."}
{"level":"info","time":"2019-03-20T16:30:01+08:00","message":"migrate db..."}
{"level":"info","time":"2019-03-20T16:30:02+08:00","message":"applied migrations..."}
{"level":"info","pid":106817,"time":"2019-03-20T16:31:12+08:00","message":"app booted."}
{"level":"info","config":{"debug":true,"mysql":"root:123456@tcp(192.168.35.193:3306)/weibo?charset=utf8mb4\u0026parseTime=true","conf_path":".","announce_key":"2.005M2CdG0RedLcc972a5c2e8Hz2GmD","comments_count":"200"},"time":"2019-03-20T16:31:12+08:00","message":"loaded config."}
{"level":"info","time":"2019-03-20T16:31:12+08:00","message":"start load db..."}
{"level":"info","time":"2019-03-20T16:31:12+08:00","message":"loaded db."}
{"level":"info","time":"2019-03-20T16:31:12+08:00","message":"migrate db..."}
{"level":"info","time":"2019-03-20T16:31:12+08:00","message":"applied migrations..."}
{"level":"info","pid":106878,"time":"2019-03-20T16:40:45+08:00","message":"app booted."}
{"level":"info","config":{"debug":true,"mysql":"root:123456@tcp(192.168.35.193:3306)/weibo?charset=utf8mb4\u0026parseTime=true","conf_path":".","announce_key":"2.005M2CdG0RedLcc972a5c2e8Hz2GmD","comments_count":"200"},"time":"2019-03-20T16:40:45+08:00","message":"loaded config."}
{"level":"info","time":"2019-03-20T16:40:45+08:00","message":"start load db..."}
{"level":"info","time":"2019-03-20T16:40:45+08:00","message":"loaded db."}
{"level":"info","time":"2019-03-20T16:40:45+08:00","message":"migrate db..."}
{"level":"info","time":"2019-03-20T16:40:45+08:00","message":"applied migrations..."}
{"level":"info","pid":106947,"time":"2019-03-20T16:56:30+08:00","message":"app booted."}
{"level":"info","config":{"debug":true,"mysql":"root:123456@tcp(192.168.35.193:3306)/weibo?charset=utf8mb4\u0026parseTime=true","conf_path":".","announce_key":"2.005M2CdG0RedLcc972a5c2e8Hz2GmD","comments_count":"200"},"time":"2019-03-20T16:56:30+08:00","message":"loaded config."}
{"level":"info","time":"2019-03-20T16:56:30+08:00","message":"start load db..."}
{"level":"info","time":"2019-03-20T16:56:30+08:00","message":"loaded db."}
{"level":"info","time":"2019-03-20T16:56:30+08:00","message":"migrate db..."}
{"level":"info","time":"2019-03-20T16:56:30+08:00","message":"applied migrations..."}
{"level":"info","pid":106999,"time":"2019-03-20T16:58:35+08:00","message":"app booted."}
{"level":"info","config":{"debug":true,"mysql":"root:123456@tcp(192.168.35.193:3306)/weibo?charset=utf8mb4\u0026parseTime=true","conf_path":".","announce_key":"2.005M2CdG0RedLcc972a5c2e8Hz2GmD","comments_count":"200"},"time":"2019-03-20T16:58:35+08:00","message":"loaded config."}
{"level":"info","time":"2019-03-20T16:58:35+08:00","message":"start load db..."}
{"level":"info","time":"2019-03-20T16:58:35+08:00","message":"loaded db."}
{"level":"info","time":"2019-03-20T16:58:35+08:00","message":"migrate db..."}
{"level":"info","time":"2019-03-20T16:58:35+08:00","message":"applied migrations..."}
{"level":"info","pid":107050,"time":"2019-03-20T16:59:27+08:00","message":"app booted."}
{"level":"info","config":{"debug":true,"mysql":"root:123456@tcp(192.168.35.193:3306)/weibo?charset=utf8mb4\u0026parseTime=true","conf_path":".","announce_key":"2.005M2CdG0RedLcc972a5c2e8Hz2GmD","comments_count":"200"},"time":"2019-03-20T16:59:27+08:00","message":"loaded config."}
{"level":"info","time":"2019-03-20T16:59:27+08:00","message":"start load db..."}
{"level":"info","time":"2019-03-20T16:59:27+08:00","message":"loaded db."}
{"level":"info","time":"2019-03-20T16:59:27+08:00","message":"migrate db..."}
{"level":"info","time":"2019-03-20T16:59:27+08:00","message":"applied migrations..."}
{"level":"info","pid":107101,"time":"2019-03-20T17:01:05+08:00","message":"app booted."}
{"level":"info","config":{"debug":true,"mysql":"root:123456@tcp(192.168.35.193:3306)/weibo?charset=utf8mb4\u0026parseTime=true","conf_path":".","announce_key":"2.005M2CdG0RedLcc972a5c2e8Hz2GmD","comments_count":"200"},"time":"2019-03-20T17:01:05+08:00","message":"loaded config."}
{"level":"info","time":"2019-03-20T17:01:05+08:00","message":"start load db..."}
{"level":"info","time":"2019-03-20T17:01:05+08:00","message":"loaded db."}
{"level":"info","time":"2019-03-20T17:01:05+08:00","message":"migrate db..."}
{"level":"info","time":"2019-03-20T17:01:05+08:00","message":"applied migrations..."}
{"level":"info","pid":107152,"time":"2019-03-20T17:01:46+08:00","message":"app booted."}
{"level":"info","config":{"debug":true,"mysql":"root:123456@tcp(192.168.35.193:3306)/weibo?charset=utf8mb4\u0026parseTime=true","conf_path":".","announce_key":"2.005M2CdG0RedLcc972a5c2e8Hz2GmD","comments_count":"200"},"time":"2019-03-20T17:01:46+08:00","message":"loaded config."}
{"level":"info","time":"2019-03-20T17:01:46+08:00","message":"start load db..."}
{"level":"info","time":"2019-03-20T17:01:46+08:00","message":"loaded db."}
{"level":"info","time":"2019-03-20T17:01:46+08:00","message":"migrate db..."}
{"level":"info","time":"2019-03-20T17:01:47+08:00","message":"applied migrations..."}
{"level":"info","pid":107204,"time":"2019-03-20T17:02:33+08:00","message":"app booted."}
{"level":"info","config":{"debug":true,"mysql":"root:123456@tcp(192.168.35.193:3306)/weibo?charset=utf8mb4\u0026parseTime=true","conf_path":".","announce_key":"2.005M2CdG0RedLcc972a5c2e8Hz2GmD","comments_count":"200"},"time":"2019-03-20T17:02:33+08:00","message":"loaded config."}
{"level":"info","time":"2019-03-20T17:02:33+08:00","message":"start load db..."}
{"level":"info","time":"2019-03-20T17:02:33+08:00","message":"loaded db."}
{"level":"info","time":"2019-03-20T17:02:33+08:00","message":"migrate db..."}
{"level":"info","time":"2019-03-20T17:02:33+08:00","message":"applied migrations..."}
{"level":"info","pid":107261,"time":"2019-03-20T17:09:18+08:00","message":"app booted."}
{"level":"info","config":{"debug":true,"mysql":"root:123456@tcp(192.168.35.193:3306)/weibo?charset=utf8mb4\u0026parseTime=true","conf_path":".","announce_key":"2.005M2CdG0RedLcc972a5c2e8Hz2GmD","comments_count":"200"},"time":"2019-03-20T17:09:18+08:00","message":"loaded config."}
{"level":"info","time":"2019-03-20T17:09:18+08:00","message":"start load db..."}
{"level":"info","time":"2019-03-20T17:09:18+08:00","message":"loaded db."}
{"level":"info","time":"2019-03-20T17:09:18+08:00","message":"migrate db..."}
{"level":"info","time":"2019-03-20T17:09:18+08:00","message":"applied migrations..."}
{"level":"info","pid":107312,"time":"2019-03-20T17:09:45+08:00","message":"app booted."}
{"level":"info","config":{"debug":true,"mysql":"root:123456@tcp(192.168.35.193:3306)/weibo?charset=utf8mb4\u0026parseTime=true","conf_path":".","announce_key":"2.005M2CdG0RedLcc972a5c2e8Hz2GmD","comments_count":"200"},"time":"2019-03-20T17:09:45+08:00","message":"loaded config."}
{"level":"info","time":"2019-03-20T17:09:45+08:00","message":"start load db..."}
{"level":"info","time":"2019-03-20T17:09:45+08:00","message":"loaded db."}
{"level":"info","time":"2019-03-20T17:09:45+08:00","message":"migrate db..."}
{"level":"info","time":"2019-03-20T17:09:45+08:00","message":"applied migrations..."}
{"level":"info","pid":107364,"time":"2019-03-20T17:12:05+08:00","message":"app booted."}
{"level":"info","config":{"debug":true,"mysql":"root:123456@tcp(192.168.35.193:3306)/weibo?charset=utf8mb4\u0026parseTime=true","conf_path":".","announce_key":"2.005M2CdG0RedLcc972a5c2e8Hz2GmD","comments_count":"200"},"time":"2019-03-20T17:12:05+08:00","message":"loaded config."}
{"level":"info","time":"2019-03-20T17:12:05+08:00","message":"start load db..."}
{"level":"info","time":"2019-03-20T17:12:05+08:00","message":"loaded db."}
{"level":"info","time":"2019-03-20T17:12:05+08:00","message":"migrate db..."}
{"level":"info","time":"2019-03-20T17:12:05+08:00","message":"applied migrations..."}
{"level":"info","pid":107426,"time":"2019-03-20T17:13:19+08:00","message":"app booted."}
{"level":"info","config":{"debug":true,"mysql":"root:123456@tcp(192.168.35.193:3306)/weibo?charset=utf8mb4\u0026parseTime=true","conf_path":".","announce_key":"2.005M2CdG0RedLcc972a5c2e8Hz2GmD","comments_count":"200"},"time":"2019-03-20T17:13:19+08:00","message":"loaded config."}
{"level":"info","time":"2019-03-20T17:13:19+08:00","message":"start load db..."}
{"level":"info","time":"2019-03-20T17:13:19+08:00","message":"loaded db."}
{"level":"info","time":"2019-03-20T17:13:19+08:00","message":"migrate db..."}
{"level":"info","time":"2019-03-20T17:13:19+08:00","message":"applied migrations..."}
{"level":"info","pid":107477,"time":"2019-03-20T17:15:51+08:00","message":"app booted."}
{"level":"info","config":{"debug":true,"mysql":"root:123456@tcp(192.168.35.193:3306)/weibo?charset=utf8mb4\u0026parseTime=true","conf_path":".","announce_key":"2.005M2CdG0RedLcc972a5c2e8Hz2GmD","comments_count":"200"},"time":"2019-03-20T17:15:51+08:00","message":"loaded config."}
{"level":"info","time":"2019-03-20T17:15:51+08:00","message":"start load db..."}
{"level":"info","time":"2019-03-20T17:15:51+08:00","message":"loaded db."}
{"level":"info","time":"2019-03-20T17:15:51+08:00","message":"migrate db..."}
{"level":"info","time":"2019-03-20T17:15:51+08:00","message":"applied migrations..."}
{"level":"info","pid":107537,"time":"2019-03-20T17:22:00+08:00","message":"app booted."}
{"level":"info","config":{"debug":true,"mysql":"root:123456@tcp(192.168.35.193:3306)/weibo?charset=utf8mb4\u0026parseTime=true","conf_path":".","announce_key":"2.005M2CdG0RedLcc972a5c2e8Hz2GmD","comments_count":"200"},"time":"2019-03-20T17:22:00+08:00","message":"loaded config."}
{"level":"info","time":"2019-03-20T17:22:00+08:00","message":"start load db..."}
{"level":"info","time":"2019-03-20T17:22:00+08:00","message":"loaded db."}
{"level":"info","time":"2019-03-20T17:22:00+08:00","message":"migrate db..."}
{"level":"info","time":"2019-03-20T17:22:00+08:00","message":"applied migrations..."}
{"level":"info","pid":107600,"time":"2019-03-20T17:22:41+08:00","message":"app booted."}
{"level":"info","config":{"debug":true,"mysql":"root:123456@tcp(192.168.35.193:3306)/weibo?charset=utf8mb4\u0026parseTime=true","conf_path":".","announce_key":"2.005M2CdG0RedLcc972a5c2e8Hz2GmD","comments_count":"200"},"time":"2019-03-20T17:22:41+08:00","message":"loaded config."}
{"level":"info","time":"2019-03-20T17:22:41+08:00","message":"start load db..."}
{"level":"info","time":"2019-03-20T17:22:41+08:00","message":"loaded db."}
{"level":"info","time":"2019-03-20T17:22:41+08:00","message":"migrate db..."}
{"level":"info","time":"2019-03-20T17:22:41+08:00","message":"applied migrations..."}
{"level":"info","pid":107665,"time":"2019-03-20T17:23:23+08:00","message":"app booted."}
{"level":"info","config":{"debug":true,"mysql":"root:123456@tcp(192.168.35.193:3306)/weibo?charset=utf8mb4\u0026parseTime=true","conf_path":".","announce_key":"2.005M2CdG0RedLcc972a5c2e8Hz2GmD","comments_count":"200"},"time":"2019-03-20T17:23:23+08:00","message":"loaded config."}
{"level":"info","time":"2019-03-20T17:23:23+08:00","message":"start load db..."}
{"level":"info","time":"2019-03-20T17:23:23+08:00","message":"loaded db."}
{"level":"info","time":"2019-03-20T17:23:23+08:00","message":"migrate db..."}
{"level":"info","time":"2019-03-20T17:23:23+08:00","message":"applied migrations..."}
{"level":"info","pid":107730,"time":"2019-03-20T17:24:42+08:00","message":"app booted."}
{"level":"info","config":{"debug":true,"mysql":"root:123456@tcp(192.168.35.193:3306)/weibo?charset=utf8mb4\u0026parseTime=true","conf_path":".","announce_key":"2.005M2CdG0RedLcc972a5c2e8Hz2GmD","comments_count":"200"},"time":"2019-03-20T17:24:42+08:00","message":"loaded config."}
{"level":"info","time":"2019-03-20T17:24:42+08:00","message":"start load db..."}
{"level":"info","time":"2019-03-20T17:24:42+08:00","message":"loaded db."}
{"level":"info","time":"2019-03-20T17:24:42+08:00","message":"migrate db..."}
{"level":"info","time":"2019-03-20T17:24:42+08:00","message":"applied migrations..."}
{"level":"info","pid":107794,"time":"2019-03-20T17:26:08+08:00","message":"app booted."}
{"level":"info","config":{"debug":true,"mysql":"root:123456@tcp(192.168.35.193:3306)/weibo?charset=utf8mb4\u0026parseTime=true","conf_path":".","announce_key":"2.005M2CdG0RedLcc972a5c2e8Hz2GmD","comments_count":"200"},"time":"2019-03-20T17:26:08+08:00","message":"loaded config."}
{"level":"info","time":"2019-03-20T17:26:08+08:00","message":"start load db..."}
{"level":"info","time":"2019-03-20T17:26:08+08:00","message":"loaded db."}
{"level":"info","time":"2019-03-20T17:26:08+08:00","message":"migrate db..."}
{"level":"info","time":"2019-03-20T17:26:08+08:00","message":"applied migrations..."}
{"level":"info","pid":107856,"time":"2019-03-20T17:26:27+08:00","message":"app booted."}
{"level":"info","config":{"debug":true,"mysql":"root:123456@tcp(192.168.35.193:3306)/weibo?charset=utf8mb4\u0026parseTime=true","conf_path":".","announce_key":"2.005M2CdG0RedLcc972a5c2e8Hz2GmD","comments_count":"200"},"time":"2019-03-20T17:26:27+08:00","message":"loaded config."}
{"level":"info","time":"2019-03-20T17:26:27+08:00","message":"start load db..."}
{"level":"info","time":"2019-03-20T17:26:27+08:00","message":"loaded db."}
{"level":"info","time":"2019-03-20T17:26:27+08:00","message":"migrate db..."}
{"level":"info","time":"2019-03-20T17:26:27+08:00","message":"applied migrations..."}
{"level":"info","pid":107919,"time":"2019-03-20T17:26:50+08:00","message":"app booted."}
{"level":"info","config":{"debug":true,"mysql":"root:123456@tcp(192.168.35.193:3306)/weibo?charset=utf8mb4\u0026parseTime=true","conf_path":".","announce_key":"2.005M2CdG0RedLcc972a5c2e8Hz2GmD","comments_count":"200"},"time":"2019-03-20T17:26:50+08:00","message":"loaded config."}
{"level":"info","time":"2019-03-20T17:26:50+08:00","message":"start load db..."}
{"level":"info","time":"2019-03-20T17:26:50+08:00","message":"loaded db."}
{"level":"info","time":"2019-03-20T17:26:50+08:00","message":"migrate db..."}
{"level":"info","time":"2019-03-20T17:26:50+08:00","message":"applied migrations..."}
{"level":"info","pid":107970,"time":"2019-03-20T17:29:45+08:00","message":"app booted."}
{"level":"info","config":{"debug":true,"mysql":"root:123456@tcp(192.168.35.193:3306)/weibo?charset=utf8mb4\u0026parseTime=true","conf_path":".","announce_key":"2.005M2CdG0RedLcc972a5c2e8Hz2GmD","comments_count":"200"},"time":"2019-03-20T17:29:45+08:00","message":"loaded config."}
{"level":"info","time":"2019-03-20T17:29:45+08:00","message":"start load db..."}
{"level":"info","time":"2019-03-20T17:29:45+08:00","message":"loaded db."}
{"level":"info","time":"2019-03-20T17:29:45+08:00","message":"migrate db..."}
{"level":"info","time":"2019-03-20T17:29:45+08:00","message":"applied migrations..."}
{"level":"info","pid":108016,"time":"2019-03-20T17:29:55+08:00","message":"app booted."}
{"level":"info","config":{"debug":true,"mysql":"root:123456@tcp(192.168.35.193:3306)/weibo?charset=utf8mb4\u0026parseTime=true","conf_path":".","announce_key":"2.005M2CdG0RedLcc972a5c2e8Hz2GmD","comments_count":"200"},"time":"2019-03-20T17:29:55+08:00","message":"loaded config."}
{"level":"info","time":"2019-03-20T17:29:55+08:00","message":"start load db..."}
{"level":"info","time":"2019-03-20T17:29:55+08:00","message":"loaded db."}
{"level":"info","time":"2019-03-20T17:29:55+08:00","message":"migrate db..."}
{"level":"info","time":"2019-03-20T17:29:55+08:00","message":"applied migrations..."}
{"level":"info","pid":108073,"time":"2019-03-20T17:32:58+08:00","message":"app booted."}
{"level":"info","config":{"debug":true,"mysql":"root:123456@tcp(192.168.35.193:3306)/weibo?charset=utf8mb4\u0026parseTime=true","conf_path":".","announce_key":"2.005M2CdG0RedLcc972a5c2e8Hz2GmD","comments_count":"200"},"time":"2019-03-20T17:32:58+08:00","message":"loaded config."}
{"level":"info","time":"2019-03-20T17:32:58+08:00","message":"start load db..."}
{"level":"info","time":"2019-03-20T17:32:58+08:00","message":"loaded db."}
{"level":"info","time":"2019-03-20T17:32:58+08:00","message":"migrate db..."}
{"level":"info","time":"2019-03-20T17:32:59+08:00","message":"applied migrations..."}
{"level":"info","pid":108131,"time":"2019-03-20T17:33:37+08:00","message":"app booted."}
{"level":"info","config":{"debug":true,"mysql":"root:123456@tcp(192.168.35.193:3306)/weibo?charset=utf8mb4\u0026parseTime=true","conf_path":".","announce_key":"2.005M2CdG0RedLcc972a5c2e8Hz2GmD","comments_count":"200"},"time":"2019-03-20T17:33:37+08:00","message":"loaded config."}
{"level":"info","time":"2019-03-20T17:33:37+08:00","message":"start load db..."}
{"level":"info","time":"2019-03-20T17:33:37+08:00","message":"loaded db."}
{"level":"info","time":"2019-03-20T17:33:37+08:00","message":"migrate db..."}
{"level":"info","time":"2019-03-20T17:33:37+08:00","message":"applied migrations..."}
{"level":"info","pid":108195,"time":"2019-03-20T17:34:33+08:00","message":"app booted."}
{"level":"info","config":{"debug":true,"mysql":"root:123456@tcp(192.168.35.193:3306)/weibo?charset=utf8mb4\u0026parseTime=true","conf_path":".","announce_key":"2.005M2CdG0RedLcc972a5c2e8Hz2GmD","comments_count":"200"},"time":"2019-03-20T17:34:33+08:00","message":"loaded config."}
{"level":"info","time":"2019-03-20T17:34:33+08:00","message":"start load db..."}
{"level":"info","time":"2019-03-20T17:34:33+08:00","message":"loaded db."}
{"level":"info","time":"2019-03-20T17:34:33+08:00","message":"migrate db..."}
{"level":"info","time":"2019-03-20T17:34:33+08:00","message":"applied migrations..."}
{"level":"info","pid":108246,"time":"2019-03-20T17:35:48+08:00","message":"app booted."}
{"level":"info","config":{"debug":true,"mysql":"root:123456@tcp(192.168.35.193:3306)/weibo?charset=utf8mb4\u0026parseTime=true","conf_path":".","announce_key":"2.005M2CdG0RedLcc972a5c2e8Hz2GmD","comments_count":"200"},"time":"2019-03-20T17:35:48+08:00","message":"loaded config."}
{"level":"info","time":"2019-03-20T17:35:48+08:00","message":"start load db..."}
{"level":"info","time":"2019-03-20T17:35:48+08:00","message":"loaded db."}
{"level":"info","time":"2019-03-20T17:35:48+08:00","message":"migrate db..."}
{"level":"info","time":"2019-03-20T17:35:48+08:00","message":"applied migrations..."}
{"level":"info","pid":108313,"time":"2019-03-20T17:40:14+08:00","message":"app booted."}
{"level":"info","config":{"debug":true,"mysql":"root:123456@tcp(192.168.35.193:3306)/weibo?charset=utf8mb4\u0026parseTime=true","conf_path":".","announce_key":"2.005M2CdG0RedLcc972a5c2e8Hz2GmD","comments_count":"200"},"time":"2019-03-20T17:40:14+08:00","message":"loaded config."}
{"level":"info","time":"2019-03-20T17:40:14+08:00","message":"start load db..."}
{"level":"info","time":"2019-03-20T17:40:14+08:00","message":"loaded db."}
{"level":"info","time":"2019-03-20T17:40:14+08:00","message":"migrate db..."}
{"level":"info","time":"2019-03-20T17:40:14+08:00","message":"applied migrations..."}
{"level":"info","pid":108365,"time":"2019-03-20T17:48:04+08:00","message":"app booted."}
{"level":"info","config":{"debug":true,"mysql":"root:123456@tcp(192.168.35.193:3306)/weibo?charset=utf8mb4\u0026parseTime=true","conf_path":".","announce_key":"2.005M2CdG0RedLcc972a5c2e8Hz2GmD","comments_count":"200"},"time":"2019-03-20T17:48:04+08:00","message":"loaded config."}
{"level":"info","time":"2019-03-20T17:48:04+08:00","message":"start load db..."}
{"level":"info","time":"2019-03-20T17:48:05+08:00","message":"loaded db."}
{"level":"info","time":"2019-03-20T17:48:05+08:00","message":"migrate db..."}
{"level":"info","time":"2019-03-20T17:48:05+08:00","message":"applied migrations..."}
{"level":"info","pid":108416,"time":"2019-03-20T17:49:26+08:00","message":"app booted."}
{"level":"info","config":{"debug":true,"mysql":"root:123456@tcp(192.168.35.193:3306)/weibo?charset=utf8mb4\u0026parseTime=true","conf_path":".","announce_key":"2.005M2CdG0RedLcc972a5c2e8Hz2GmD","comments_count":"200"},"time":"2019-03-20T17:49:26+08:00","message":"loaded config."}
{"level":"info","time":"2019-03-20T17:49:26+08:00","message":"start load db..."}
{"level":"info","time":"2019-03-20T17:49:26+08:00","message":"loaded db."}
{"level":"info","time":"2019-03-20T17:49:26+08:00","message":"migrate db..."}
{"level":"info","time":"2019-03-20T17:49:26+08:00","message":"applied migrations..."}
{"level":"info","pid":108472,"time":"2019-03-20T17:50:02+08:00","message":"app booted."}
{"level":"info","config":{"debug":true,"mysql":"root:123456@tcp(192.168.35.193:3306)/weibo?charset=utf8mb4\u0026parseTime=true","conf_path":".","announce_key":"2.005M2CdG0RedLcc972a5c2e8Hz2GmD","comments_count":"200"},"time":"2019-03-20T17:50:02+08:00","message":"loaded config."}
{"level":"info","time":"2019-03-20T17:50:02+08:00","message":"start load db..."}
{"level":"info","time":"2019-03-20T17:50:02+08:00","message":"loaded db."}
{"level":"info","time":"2019-03-20T17:50:02+08:00","message":"migrate db..."}
{"level":"info","time":"2019-03-20T17:50:02+08:00","message":"applied migrations..."}
